c:\users\jose\documents\github\volume-rendering\debug\fgc_t3.bsc
c:\users\jose\documents\github\volume-rendering\fgc_t3\debug\vc120.pdb
c:\users\jose\documents\github\volume-rendering\fgc_t3\debug\vc120.idb
c:\users\jose\documents\github\volume-rendering\fgc_t3\debug\transform.sbr
c:\users\jose\documents\github\volume-rendering\fgc_t3\debug\shaderprogram.sbr
c:\users\jose\documents\github\volume-rendering\fgc_t3\debug\shader.sbr
c:\users\jose\documents\github\volume-rendering\fgc_t3\debug\rawdatamodel.sbr
c:\users\jose\documents\github\volume-rendering\fgc_t3\debug\maindata.sbr
c:\users\jose\documents\github\volume-rendering\fgc_t3\debug\maindata.obj
c:\users\jose\documents\github\volume-rendering\fgc_t3\debug\rawdatamodel.obj
c:\users\jose\documents\github\volume-rendering\fgc_t3\debug\shader.obj
c:\users\jose\documents\github\volume-rendering\fgc_t3\debug\shaderprogram.obj
c:\users\jose\documents\github\volume-rendering\fgc_t3\debug\transform.obj
c:\users\jose\documents\github\volume-rendering\fgc_t3\debug\main.sbr
c:\users\jose\documents\github\volume-rendering\fgc_t3\debug\main.obj
c:\users\jose\documents\github\volume-rendering\fgc_t3\debug\transferfunction.sbr
c:\users\jose\documents\github\volume-rendering\fgc_t3\debug\transferfunction.obj
c:\users\jose\documents\github\volume-rendering\debug\fgc_t3.ilk
c:\users\jose\documents\github\volume-rendering\debug\fgc_t3.exe
c:\users\jose\documents\github\volume-rendering\debug\fgc_t3.pdb
c:\users\jose\documents\github\volume-rendering\fgc_t3\debug\fgc_t3.tlog\bscmake.command.1.tlog
c:\users\jose\documents\github\volume-rendering\fgc_t3\debug\fgc_t3.tlog\bscmake.read.1.tlog
c:\users\jose\documents\github\volume-rendering\fgc_t3\debug\fgc_t3.tlog\bscmake.write.1.tlog
c:\users\jose\documents\github\volume-rendering\fgc_t3\debug\fgc_t3.tlog\cl.command.1.tlog
c:\users\jose\documents\github\volume-rendering\fgc_t3\debug\fgc_t3.tlog\cl.read.1.tlog
c:\users\jose\documents\github\volume-rendering\fgc_t3\debug\fgc_t3.tlog\cl.write.1.tlog
c:\users\jose\documents\github\volume-rendering\fgc_t3\debug\fgc_t3.tlog\link.command.1.tlog
c:\users\jose\documents\github\volume-rendering\fgc_t3\debug\fgc_t3.tlog\link.read.1.tlog
c:\users\jose\documents\github\volume-rendering\fgc_t3\debug\fgc_t3.tlog\link.write.1.tlog
